<?xml version="1.0" encoding="UTF-8"?>
<robot generator="Robot 7.2.2 (Python 3.13.3 on win32)" generated="2025-05-01T23:24:37.075224" rpa="false" schemaversion="5">
<suite id="s1" name="Abc" source="C:\Users\somalaraju.nithesh\robot-tests\abc.robot">
<test id="s1-t1" name="Valid Username And Valid Password" line="21">
<kw name="Open Browser" owner="SeleniumLibrary" type="SETUP">
<msg time="2025-05-01T23:24:37.393693" level="INFO">Opening browser 'Chrome' to base url 'https://the-internet.herokuapp.com/login'.</msg>
<arg>${LOGIN_URL}</arg>
<arg>${Browser}</arg>
<doc>Opens a new browser instance to the optional ``url``.</doc>
<status status="PASS" start="2025-05-01T23:24:37.393500" elapsed="11.845604"/>
</kw>
<kw name="Input Text" owner="SeleniumLibrary">
<msg time="2025-05-01T23:24:49.239758" level="INFO">Typing text 'tomsmith' into text field 'id=username'.</msg>
<arg>${USERNAME_FIELD}</arg>
<arg>${VALID_USERNAME_DT}</arg>
<doc>Types the given ``text`` into the text field identified by ``locator``.</doc>
<status status="PASS" start="2025-05-01T23:24:49.239463" elapsed="0.193104"/>
</kw>
<kw name="Input Text" owner="SeleniumLibrary">
<msg time="2025-05-01T23:24:49.433795" level="INFO">Typing text 'SuperSecretPassword!' into text field 'id=password'.</msg>
<arg>${PASSWORD_FIELD}</arg>
<arg>${VALID_PASSWORD_DT}</arg>
<doc>Types the given ``text`` into the text field identified by ``locator``.</doc>
<status status="PASS" start="2025-05-01T23:24:49.433288" elapsed="0.119629"/>
</kw>
<kw name="Click Button" owner="SeleniumLibrary">
<msg time="2025-05-01T23:24:49.553468" level="INFO">Clicking button 'css:button[type="submit"]'.</msg>
<arg>${LOGIN_BUTTON}</arg>
<doc>Clicks the button identified by ``locator``.</doc>
<status status="PASS" start="2025-05-01T23:24:49.553287" elapsed="0.908107"/>
</kw>
<kw name="Sleep" owner="BuiltIn">
<msg time="2025-05-01T23:24:52.462628" level="INFO">Slept 2 seconds.</msg>
<arg>2s</arg>
<doc>Pauses the test executed for the given time.</doc>
<status status="PASS" start="2025-05-01T23:24:50.461908" elapsed="2.000818"/>
</kw>
<kw name="Element Should Contain" owner="SeleniumLibrary">
<msg time="2025-05-01T23:24:52.484748" level="INFO">Element 'id=flash' contains text 'You logged into a secure area!'.</msg>
<arg>${SUCCESS_MSG}</arg>
<arg>You logged into a secure area!</arg>
<doc>Verifies that element ``locator`` contains text ``expected``.</doc>
<status status="PASS" start="2025-05-01T23:24:52.462987" elapsed="0.021842"/>
</kw>
<kw name="Close All Browsers" owner="SeleniumLibrary" type="TEARDOWN">
<doc>Closes all open browsers and resets the browser cache.</doc>
<status status="PASS" start="2025-05-01T23:24:52.485222" elapsed="2.539938"/>
</kw>
<status status="PASS" start="2025-05-01T23:24:37.392784" elapsed="17.633095"/>
</test>
<test id="s1-t2" name="Invalid Username And Valid Password" line="28">
<kw name="Open Browser" owner="SeleniumLibrary" type="SETUP">
<msg time="2025-05-01T23:24:55.029651" level="INFO">Opening browser 'Chrome' to base url 'https://the-internet.herokuapp.com/login'.</msg>
<arg>${LOGIN_URL}</arg>
<arg>${Browser}</arg>
<doc>Opens a new browser instance to the optional ``url``.</doc>
<status status="PASS" start="2025-05-01T23:24:55.029202" elapsed="9.509304"/>
</kw>
<kw name="Input Text" owner="SeleniumLibrary">
<msg time="2025-05-01T23:25:04.539426" level="INFO">Typing text 'tomsmith12' into text field 'id=username'.</msg>
<arg>${USERNAME_FIELD}</arg>
<arg>${INVALID_USERNAME_DT}</arg>
<doc>Types the given ``text`` into the text field identified by ``locator``.</doc>
<status status="PASS" start="2025-05-01T23:25:04.539134" elapsed="0.122809"/>
</kw>
<kw name="Input Text" owner="SeleniumLibrary">
<msg time="2025-05-01T23:25:04.662596" level="INFO">Typing text 'SuperSecretPassword!' into text field 'id=password'.</msg>
<arg>${PASSWORD_FIELD}</arg>
<arg>${VALID_PASSWORD_DT}</arg>
<doc>Types the given ``text`` into the text field identified by ``locator``.</doc>
<status status="PASS" start="2025-05-01T23:25:04.662365" elapsed="0.106310"/>
</kw>
<kw name="Click Button" owner="SeleniumLibrary">
<msg time="2025-05-01T23:25:04.769145" level="INFO">Clicking button 'css:button[type="submit"]'.</msg>
<arg>${LOGIN_BUTTON}</arg>
<doc>Clicks the button identified by ``locator``.</doc>
<status status="PASS" start="2025-05-01T23:25:04.768946" elapsed="0.942350"/>
</kw>
<kw name="Sleep" owner="BuiltIn">
<msg time="2025-05-01T23:25:07.712636" level="INFO">Slept 2 seconds.</msg>
<arg>2s</arg>
<doc>Pauses the test executed for the given time.</doc>
<status status="PASS" start="2025-05-01T23:25:05.711732" elapsed="2.001191"/>
</kw>
<kw name="Element Should Contain" owner="SeleniumLibrary">
<msg time="2025-05-01T23:25:07.743352" level="INFO">Element 'id=flash' contains text 'Your username is invalid!'.</msg>
<arg>${SUCCESS_MSG}</arg>
<arg>Your username is invalid!</arg>
<doc>Verifies that element ``locator`` contains text ``expected``.</doc>
<status status="PASS" start="2025-05-01T23:25:07.713755" elapsed="0.029706"/>
</kw>
<kw name="Close All Browsers" owner="SeleniumLibrary" type="TEARDOWN">
<doc>Closes all open browsers and resets the browser cache.</doc>
<status status="PASS" start="2025-05-01T23:25:07.743903" elapsed="2.210400"/>
</kw>
<status status="PASS" start="2025-05-01T23:24:55.028172" elapsed="14.926886"/>
</test>
<test id="s1-t3" name="Valid Username And Invalid Password" line="35">
<kw name="Open Browser" owner="SeleniumLibrary" type="SETUP">
<msg time="2025-05-01T23:25:09.958626" level="INFO">Opening browser 'Chrome' to base url 'https://the-internet.herokuapp.com/login'.</msg>
<arg>${LOGIN_URL}</arg>
<arg>${Browser}</arg>
<doc>Opens a new browser instance to the optional ``url``.</doc>
<status status="PASS" start="2025-05-01T23:25:09.958125" elapsed="12.573233"/>
</kw>
<kw name="Input Text" owner="SeleniumLibrary">
<msg time="2025-05-01T23:25:22.532205" level="INFO">Typing text 'tomsmith' into text field 'id=username'.</msg>
<arg>${USERNAME_FIELD}</arg>
<arg>${VALID_USERNAME_DT}</arg>
<doc>Types the given ``text`` into the text field identified by ``locator``.</doc>
<status status="PASS" start="2025-05-01T23:25:22.531859" elapsed="0.133862"/>
</kw>
<kw name="Input Text" owner="SeleniumLibrary">
<msg time="2025-05-01T23:25:22.666787" level="INFO">Typing text 'SecretPassword!' into text field 'id=password'.</msg>
<arg>${PASSWORD_FIELD}</arg>
<arg>${INVALID_PASSWORD_DT}</arg>
<doc>Types the given ``text`` into the text field identified by ``locator``.</doc>
<status status="PASS" start="2025-05-01T23:25:22.666166" elapsed="0.105278"/>
</kw>
<kw name="Click Button" owner="SeleniumLibrary">
<msg time="2025-05-01T23:25:22.772271" level="INFO">Clicking button 'css:button[type="submit"]'.</msg>
<arg>${LOGIN_BUTTON}</arg>
<doc>Clicks the button identified by ``locator``.</doc>
<status status="PASS" start="2025-05-01T23:25:22.771948" elapsed="2.459223"/>
</kw>
<kw name="Sleep" owner="BuiltIn">
<msg time="2025-05-01T23:25:27.233019" level="INFO">Slept 2 seconds.</msg>
<arg>2s</arg>
<doc>Pauses the test executed for the given time.</doc>
<status status="PASS" start="2025-05-01T23:25:25.231930" elapsed="2.001179"/>
</kw>
<kw name="Element Should Contain" owner="SeleniumLibrary">
<msg time="2025-05-01T23:25:27.256935" level="INFO">Element 'id=flash' contains text 'Your password is invalid!'.</msg>
<arg>${SUCCESS_MSG}</arg>
<arg>Your password is invalid!</arg>
<doc>Verifies that element ``locator`` contains text ``expected``.</doc>
<status status="PASS" start="2025-05-01T23:25:27.233686" elapsed="0.023400"/>
</kw>
<kw name="Close All Browsers" owner="SeleniumLibrary" type="TEARDOWN">
<doc>Closes all open browsers and resets the browser cache.</doc>
<status status="PASS" start="2025-05-01T23:25:27.257621" elapsed="2.411802"/>
</kw>
<status status="PASS" start="2025-05-01T23:25:09.957157" elapsed="19.712819"/>
</test>
<test id="s1-t4" name="Invalid Username And Invalid Password" line="42">
<kw name="Open Browser" owner="SeleniumLibrary" type="SETUP">
<msg time="2025-05-01T23:25:29.672449" level="INFO">Opening browser 'Chrome' to base url 'https://the-internet.herokuapp.com/login'.</msg>
<arg>${LOGIN_URL}</arg>
<arg>${Browser}</arg>
<doc>Opens a new browser instance to the optional ``url``.</doc>
<status status="PASS" start="2025-05-01T23:25:29.672266" elapsed="9.619483"/>
</kw>
<kw name="Input Text" owner="SeleniumLibrary">
<msg time="2025-05-01T23:25:39.292557" level="INFO">Typing text 'tomsmith12' into text field 'id=username'.</msg>
<arg>${USERNAME_FIELD}</arg>
<arg>${INVALID_USERNAME_DT}</arg>
<doc>Types the given ``text`` into the text field identified by ``locator``.</doc>
<status status="PASS" start="2025-05-01T23:25:39.292261" elapsed="0.115085"/>
</kw>
<kw name="Input Text" owner="SeleniumLibrary">
<msg time="2025-05-01T23:25:39.408655" level="INFO">Typing text 'SecretPassword!' into text field 'id=password'.</msg>
<arg>${PASSWORD_FIELD}</arg>
<arg>${INVALID_PASSWORD_DT}</arg>
<doc>Types the given ``text`` into the text field identified by ``locator``.</doc>
<status status="PASS" start="2025-05-01T23:25:39.408184" elapsed="0.128796"/>
</kw>
<kw name="Click Button" owner="SeleniumLibrary">
<msg time="2025-05-01T23:25:39.538458" level="INFO">Clicking button 'css:button[type="submit"]'.</msg>
<arg>${LOGIN_BUTTON}</arg>
<doc>Clicks the button identified by ``locator``.</doc>
<status status="PASS" start="2025-05-01T23:25:39.537870" elapsed="0.877551"/>
</kw>
<kw name="Sleep" owner="BuiltIn">
<msg time="2025-05-01T23:25:42.416442" level="INFO">Slept 2 seconds.</msg>
<arg>2s</arg>
<doc>Pauses the test executed for the given time.</doc>
<status status="PASS" start="2025-05-01T23:25:40.415758" elapsed="2.000870"/>
</kw>
<kw name="Element Should Contain" owner="SeleniumLibrary">
<msg time="2025-05-01T23:25:42.454578" level="INFO">Element 'id=flash' contains text 'Your username is invalid!'.</msg>
<arg>${SUCCESS_MSG}</arg>
<arg>Your username is invalid!</arg>
<doc>Verifies that element ``locator`` contains text ``expected``.</doc>
<status status="PASS" start="2025-05-01T23:25:42.417161" elapsed="0.037757"/>
</kw>
<kw name="Close All Browsers" owner="SeleniumLibrary" type="TEARDOWN">
<doc>Closes all open browsers and resets the browser cache.</doc>
<status status="PASS" start="2025-05-01T23:25:42.456039" elapsed="2.265874"/>
</kw>
<status status="PASS" start="2025-05-01T23:25:29.671580" elapsed="15.050742"/>
</test>
<status status="PASS" start="2025-05-01T23:24:37.076435" elapsed="67.647988"/>
</suite>
<statistics>
<total>
<stat pass="4" fail="0" skip="0">All Tests</stat>
</total>
<tag>
</tag>
<suite>
<stat name="Abc" id="s1" pass="4" fail="0" skip="0">Abc</stat>
</suite>
</statistics>
<errors>
</errors>
</robot>
