<?xml version="1.0" encoding="UTF-8"?>
<robot generator="Robot 7.2.2 (Python 3.13.3 on win32)" generated="2025-05-01T14:38:25.983388" rpa="false" schemaversion="5">
<suite id="s1" name="Login Test" source="C:\Users\somalaraju.nithesh\robot-tests\login_test.robot">
<test id="s1-t1" name="Login To Sample Website" line="18">
<kw name="Set Selenium Implicit Wait" owner="SeleniumLibrary">
<arg>2s</arg>
<doc>Sets the implicit wait value used by Selenium.</doc>
<status status="PASS" start="2025-05-01T14:38:26.861634" elapsed="0.000583"/>
</kw>
<kw name="Open Browser" owner="SeleniumLibrary">
<msg time="2025-05-01T14:38:26.863211" level="INFO">Opening browser 'Edge' to base url 'https://www.saucedemo.com/'.</msg>
<arg>${URL}</arg>
<arg>${BROWSER}</arg>
<doc>Opens a new browser instance to the optional ``url``.</doc>
<status status="PASS" start="2025-05-01T14:38:26.862876" elapsed="15.600030"/>
</kw>
<kw name="Maximize Browser Window" owner="SeleniumLibrary">
<doc>Maximizes current browser window.</doc>
<status status="PASS" start="2025-05-01T14:38:42.463897" elapsed="0.093322"/>
</kw>
<kw name="Wait Until Element Is Visible" owner="SeleniumLibrary">
<arg>id=user-name</arg>
<arg>timeout=10s</arg>
<doc>Waits until the element ``locator`` is visible.</doc>
<status status="PASS" start="2025-05-01T14:38:42.562582" elapsed="0.263479"/>
</kw>
<kw name="Input Text" owner="SeleniumLibrary">
<msg time="2025-05-01T14:38:42.827525" level="INFO">Typing text 'visual_user' into text field 'id=user-name'.</msg>
<arg>id=user-name</arg>
<arg>${USERNAME}</arg>
<doc>Types the given ``text`` into the text field identified by ``locator``.</doc>
<status status="PASS" start="2025-05-01T14:38:42.826871" elapsed="0.289896"/>
</kw>
<kw name="Input Text" owner="SeleniumLibrary">
<msg time="2025-05-01T14:38:43.118682" level="INFO">Typing text 'secret_sauce' into text field 'id=password'.</msg>
<arg>id=password</arg>
<arg>${PASSWORD}</arg>
<doc>Types the given ``text`` into the text field identified by ``locator``.</doc>
<status status="PASS" start="2025-05-01T14:38:43.117739" elapsed="0.281172"/>
</kw>
<kw name="Click Button" owner="SeleniumLibrary">
<msg time="2025-05-01T14:38:43.400434" level="INFO">Clicking button 'id=login-button'.</msg>
<arg>id=login-button</arg>
<doc>Clicks the button identified by ``locator``.</doc>
<status status="PASS" start="2025-05-01T14:38:43.400049" elapsed="0.284136"/>
</kw>
<kw name="Wait Until Page Contains" owner="SeleniumLibrary">
<arg>Swag Labs</arg>
<arg>timeout=10s</arg>
<doc>Waits until ``text`` appears on the current page.</doc>
<status status="PASS" start="2025-05-01T14:38:43.685169" elapsed="0.049264"/>
</kw>
<kw name="Select From List By Index" owner="SeleniumLibrary">
<msg time="2025-05-01T14:38:43.736195" level="INFO">Selecting options from selection list 'class=product_sort_container' by index 2.</msg>
<arg>class=product_sort_container</arg>
<arg>2</arg>
<doc>Selects options from selection list ``locator`` by ``indexes``.</doc>
<status status="PASS" start="2025-05-01T14:38:43.735213" elapsed="0.328581"/>
</kw>
<kw name="Click Element" owner="SeleniumLibrary">
<msg time="2025-05-01T14:38:44.066067" level="INFO">Clicking element '//button[@id="add-to-cart-sauce-labs-backpack"]'.</msg>
<arg>${Add_to_cart}</arg>
<doc>Click the element identified by ``locator``.</doc>
<status status="PASS" start="2025-05-01T14:38:44.065324" elapsed="0.178045"/>
</kw>
<kw name="Click Element" owner="SeleniumLibrary">
<msg time="2025-05-01T14:38:44.246015" level="INFO">Clicking element '//a[@class="shopping_cart_link"]'.</msg>
<arg>${Cart}</arg>
<doc>Click the element identified by ``locator``.</doc>
<status status="PASS" start="2025-05-01T14:38:44.245362" elapsed="0.173933"/>
</kw>
<kw name="Wait Until Keyword Succeeds" owner="BuiltIn">
<kw name="Page Should Contain" owner="SeleniumLibrary">
<msg time="2025-05-01T14:38:44.461779" level="INFO">Current page contains text 'Your Cart'.</msg>
<arg>Your Cart</arg>
<doc>Verifies that current page contains ``text``.</doc>
<status status="PASS" start="2025-05-01T14:38:44.423214" elapsed="0.038802"/>
</kw>
<arg>10s</arg>
<arg>1s</arg>
<arg>Page Should Contain</arg>
<arg>Your Cart</arg>
<doc>Runs the specified keyword and retries if it fails.</doc>
<status status="PASS" start="2025-05-01T14:38:44.422432" elapsed="0.039814"/>
</kw>
<kw name="Click Element" owner="SeleniumLibrary">
<msg time="2025-05-01T14:38:44.463488" level="INFO">Clicking element 'remove-sauce-labs-backpack'.</msg>
<arg>${Remove_Cart}</arg>
<doc>Click the element identified by ``locator``.</doc>
<status status="PASS" start="2025-05-01T14:38:44.462927" elapsed="0.151796"/>
</kw>
<kw name="Click Element" owner="SeleniumLibrary">
<msg time="2025-05-01T14:38:44.617071" level="INFO">Clicking element 'id=continue-shopping'.</msg>
<arg>id=continue-shopping</arg>
<doc>Click the element identified by ``locator``.</doc>
<status status="PASS" start="2025-05-01T14:38:44.615923" elapsed="0.215865"/>
</kw>
<kw name="Click Element" owner="SeleniumLibrary">
<msg time="2025-05-01T14:38:44.832829" level="INFO">Clicking element 'id=react-burger-menu-btn'.</msg>
<arg>id=react-burger-menu-btn</arg>
<doc>Click the element identified by ``locator``.</doc>
<status status="PASS" start="2025-05-01T14:38:44.832416" elapsed="0.228124"/>
</kw>
<kw name="Click Element" owner="SeleniumLibrary">
<msg time="2025-05-01T14:38:45.061731" level="INFO">Clicking element 'id=logout_sidebar_link'.</msg>
<arg>id=logout_sidebar_link</arg>
<doc>Click the element identified by ``locator``.</doc>
<status status="PASS" start="2025-05-01T14:38:45.061246" elapsed="0.380895"/>
</kw>
<kw name="Capture Page Screenshot" owner="SeleniumLibrary" type="TEARDOWN">
<msg time="2025-05-01T14:38:45.646429" level="INFO" html="true">&lt;/td&gt;&lt;/tr&gt;&lt;tr&gt;&lt;td colspan="3"&gt;&lt;a href="selenium-screenshot-2.png"&gt;&lt;img src="selenium-screenshot-2.png" width="800px"&gt;&lt;/a&gt;</msg>
<doc>Takes a screenshot of the current page and embeds it into a log file.</doc>
<status status="PASS" start="2025-05-01T14:38:45.443307" elapsed="0.203417"/>
</kw>
<status status="PASS" start="2025-05-01T14:38:26.860044" elapsed="18.787420"/>
</test>
<kw name="Close Browser" owner="SeleniumLibrary" type="TEARDOWN">
<doc>Closes the current browser.</doc>
<status status="PASS" start="2025-05-01T14:38:45.649085" elapsed="2.516962"/>
</kw>
<status status="PASS" start="2025-05-01T14:38:25.987085" elapsed="22.179140"/>
</suite>
<statistics>
<total>
<stat pass="1" fail="0" skip="0">All Tests</stat>
</total>
<tag>
</tag>
<suite>
<stat name="Login Test" id="s1" pass="1" fail="0" skip="0">Login Test</stat>
</suite>
</statistics>
<errors>
</errors>
</robot>
